<?xml version="1.0" encoding="UTF-8"?>
<testng-results ignored="0" total="10" passed="8" failed="2" skipped="0">
  <reporter-output>
  </reporter-output>
  <suite started-at="2025-11-11T17:35:20 EET" name="Default suite" finished-at="2025-11-11T17:36:51 EET" duration-ms="90851">
    <groups>
    </groups>
    <test started-at="2025-11-11T17:35:20 EET" name="Default test" finished-at="2025-11-11T17:36:51 EET" duration-ms="90851">
      <class name="seleniumPackage.Automation_Excercise.UserStory_8.UserStory10">
        <test-method is-config="true" signature="initialize()[pri:0, instance:seleniumPackage.Automation_Excercise.UserStory_8.UserStory10@1d470d0]" started-at="2025-11-11T17:35:20 EET" name="initialize" finished-at="2025-11-11T17:35:32 EET" duration-ms="11341" status="PASS">
          <reporter-output>
          </reporter-output>
        </test-method> <!-- initialize -->
        <test-method signature="verifyCategorySidebarVisibility()[pri:1, instance:seleniumPackage.Automation_Excercise.UserStory_8.UserStory10@1d470d0]" started-at="2025-11-11T17:35:32 EET" name="verifyCategorySidebarVisibility" description="Verify that category sidebar is visible and contains main categories." finished-at="2025-11-11T17:35:32 EET" duration-ms="222" status="PASS">
          <reporter-output>
          </reporter-output>
        </test-method> <!-- verifyCategorySidebarVisibility -->
        <test-method signature="verifyAllMainCategoriesDisplayed()[pri:2, instance:seleniumPackage.Automation_Excercise.UserStory_8.UserStory10@1d470d0]" started-at="2025-11-11T17:35:32 EET" name="verifyAllMainCategoriesDisplayed" description="Verify that all expected main categories are displayed in the sidebar." finished-at="2025-11-11T17:35:32 EET" duration-ms="123" status="PASS">
          <reporter-output>
          </reporter-output>
        </test-method> <!-- verifyAllMainCategoriesDisplayed -->
        <test-method signature="verifySubcategoriesAppear()[pri:3, instance:seleniumPackage.Automation_Excercise.UserStory_8.UserStory10@1d470d0]" started-at="2025-11-11T17:35:32 EET" name="verifySubcategoriesAppear" description="Verify that subcategories appear under main category." finished-at="2025-11-11T17:36:37 EET" duration-ms="65011" status="PASS">
          <reporter-output>
          </reporter-output>
        </test-method> <!-- verifySubcategoriesAppear -->
        <test-method signature="verifySearchCaseInsensitivity()[pri:4, instance:seleniumPackage.Automation_Excercise.UserStory_8.UserStory10@1d470d0]" started-at="2025-11-11T17:36:37 EET" name="verifySearchCaseInsensitivity" description="Verify search results for case insensitivity" finished-at="2025-11-11T17:36:39 EET" duration-ms="1973" status="PASS">
          <reporter-output>
          </reporter-output>
        </test-method> <!-- verifySearchCaseInsensitivity -->
        <test-method signature="verifyNoMatchingProductsFound()[pri:5, instance:seleniumPackage.Automation_Excercise.UserStory_8.UserStory10@1d470d0]" started-at="2025-11-11T17:36:39 EET" name="verifyNoMatchingProductsFound" description="Verify behavior when no matching products are found" finished-at="2025-11-11T17:36:40 EET" duration-ms="903" status="PASS">
          <reporter-output>
          </reporter-output>
        </test-method> <!-- verifyNoMatchingProductsFound -->
        <test-method signature="verifySearchWithSpecialCharacters()[pri:6, instance:seleniumPackage.Automation_Excercise.UserStory_8.UserStory10@1d470d0]" started-at="2025-11-11T17:36:40 EET" name="verifySearchWithSpecialCharacters" description="Verify search functionality with special characters" finished-at="2025-11-11T17:36:41 EET" duration-ms="1336" status="PASS">
          <reporter-output>
          </reporter-output>
        </test-method> <!-- verifySearchWithSpecialCharacters -->
        <test-method signature="verifySearchWithLeadingTrailingSpaces()[pri:7, instance:seleniumPackage.Automation_Excercise.UserStory_8.UserStory10@1d470d0]" started-at="2025-11-11T17:36:42 EET" name="verifySearchWithLeadingTrailingSpaces" description="Verify search with leading/trailing spaces" finished-at="2025-11-11T17:36:42 EET" duration-ms="956" status="FAIL">
          <exception class="java.lang.AssertionError">
            <message>
              <![CDATA[The following asserts failed:
Search failed to find results when using leading/trailing spaces expected [true] but found [false]]]>
            </message>
            <full-stacktrace>
              <![CDATA[java.lang.AssertionError: The following asserts failed:
Search failed to find results when using leading/trailing spaces expected [true] but found [false]
at org.testng.asserts.SoftAssert.assertAll(SoftAssert.java:46)
at org.testng.asserts.SoftAssert.assertAll(SoftAssert.java:30)
at seleniumPackage.Automation_Excercise.UserStory_8.UserStory10.verifySearchWithLeadingTrailingSpaces(UserStory10.java:107)
at java.base/jdk.internal.reflect.DirectMethodHandleAccessor.invoke(DirectMethodHandleAccessor.java:104)
at java.base/java.lang.reflect.Method.invoke(Method.java:577)
at org.testng.internal.invokers.MethodInvocationHelper.invokeMethod(MethodInvocationHelper.java:141)
at org.testng.internal.invokers.TestInvoker.invokeMethod(TestInvoker.java:687)
at org.testng.internal.invokers.TestInvoker.invokeTestMethod(TestInvoker.java:230)
at org.testng.internal.invokers.MethodRunner.runInSequence(MethodRunner.java:63)
at org.testng.internal.invokers.TestInvoker$MethodInvocationAgent.invoke(TestInvoker.java:995)
at org.testng.internal.invokers.TestInvoker.invokeTestMethods(TestInvoker.java:203)
at org.testng.internal.invokers.TestMethodWorker.invokeTestMethods(TestMethodWorker.java:154)
at org.testng.internal.invokers.TestMethodWorker.run(TestMethodWorker.java:134)
at java.base/java.util.ArrayList.forEach(ArrayList.java:1511)
at org.testng.TestRunner.privateRun(TestRunner.java:741)
at org.testng.TestRunner.run(TestRunner.java:616)
at org.testng.SuiteRunner.runTest(SuiteRunner.java:421)
at org.testng.SuiteRunner.runSequentially(SuiteRunner.java:413)
at org.testng.SuiteRunner.privateRun(SuiteRunner.java:373)
at org.testng.SuiteRunner.run(SuiteRunner.java:312)
at org.testng.SuiteRunnerWorker.runSuite(SuiteRunnerWorker.java:52)
at org.testng.SuiteRunnerWorker.run(SuiteRunnerWorker.java:95)
at org.testng.TestNG.runSuitesSequentially(TestNG.java:1274)
at org.testng.TestNG.runSuitesLocally(TestNG.java:1208)
at org.testng.TestNG.runSuites(TestNG.java:1112)
at org.testng.TestNG.run(TestNG.java:1079)
at org.testng.remote.AbstractRemoteTestNG.run(AbstractRemoteTestNG.java:115)
at org.testng.remote.RemoteTestNG.initAndRun(RemoteTestNG.java:293)
at org.testng.remote.RemoteTestNG.main(RemoteTestNG.java:91)
]]>
            </full-stacktrace>
          </exception> <!-- java.lang.AssertionError -->
          <reporter-output>
          </reporter-output>
        </test-method> <!-- verifySearchWithLeadingTrailingSpaces -->
        <test-method signature="verifySearchResultsUpdate()[pri:8, instance:seleniumPackage.Automation_Excercise.UserStory_8.UserStory10@1d470d0]" started-at="2025-11-11T17:36:43 EET" name="verifySearchResultsUpdate" description="Verify that the search results update when a new search is performed" finished-at="2025-11-11T17:36:43 EET" duration-ms="73" status="PASS">
          <reporter-output>
          </reporter-output>
        </test-method> <!-- verifySearchResultsUpdate -->
        <test-method signature="verifySearchWithEmptyInput()[pri:8, instance:seleniumPackage.Automation_Excercise.UserStory_8.UserStory10@1d470d0]" started-at="2025-11-11T17:36:43 EET" name="verifySearchWithEmptyInput" description="Verify search with empty input" finished-at="2025-11-11T17:36:45 EET" duration-ms="2611" status="PASS">
          <reporter-output>
          </reporter-output>
        </test-method> <!-- verifySearchWithEmptyInput -->
        <test-method signature="verifySearchTriggerMethods()[pri:9, instance:seleniumPackage.Automation_Excercise.UserStory_8.UserStory10@1d470d0]" started-at="2025-11-11T17:36:45 EET" name="verifySearchTriggerMethods" description="Verify if search is performed using Enter key and search icon both" finished-at="2025-11-11T17:36:51 EET" duration-ms="5280" status="FAIL">
          <exception class="java.lang.AssertionError">
            <message>
              <![CDATA[The following asserts failed:
Search Function Doesnot Work using Enter Key expected [https://automationexercise.com/products?search=shirt] but found [https://automationexercise.com/products]]]>
            </message>
            <full-stacktrace>
              <![CDATA[java.lang.AssertionError: The following asserts failed:
Search Function Doesnot Work using Enter Key expected [https://automationexercise.com/products?search=shirt] but found [https://automationexercise.com/products]
at org.testng.asserts.SoftAssert.assertAll(SoftAssert.java:46)
at org.testng.asserts.SoftAssert.assertAll(SoftAssert.java:30)
at seleniumPackage.Automation_Excercise.UserStory_8.UserStory10.verifySearchTriggerMethods(UserStory10.java:137)
at java.base/jdk.internal.reflect.DirectMethodHandleAccessor.invoke(DirectMethodHandleAccessor.java:104)
at java.base/java.lang.reflect.Method.invoke(Method.java:577)
at org.testng.internal.invokers.MethodInvocationHelper.invokeMethod(MethodInvocationHelper.java:141)
at org.testng.internal.invokers.TestInvoker.invokeMethod(TestInvoker.java:687)
at org.testng.internal.invokers.TestInvoker.invokeTestMethod(TestInvoker.java:230)
at org.testng.internal.invokers.MethodRunner.runInSequence(MethodRunner.java:63)
at org.testng.internal.invokers.TestInvoker$MethodInvocationAgent.invoke(TestInvoker.java:995)
at org.testng.internal.invokers.TestInvoker.invokeTestMethods(TestInvoker.java:203)
at org.testng.internal.invokers.TestMethodWorker.invokeTestMethods(TestMethodWorker.java:154)
at org.testng.internal.invokers.TestMethodWorker.run(TestMethodWorker.java:134)
at java.base/java.util.ArrayList.forEach(ArrayList.java:1511)
at org.testng.TestRunner.privateRun(TestRunner.java:741)
at org.testng.TestRunner.run(TestRunner.java:616)
at org.testng.SuiteRunner.runTest(SuiteRunner.java:421)
at org.testng.SuiteRunner.runSequentially(SuiteRunner.java:413)
at org.testng.SuiteRunner.privateRun(SuiteRunner.java:373)
at org.testng.SuiteRunner.run(SuiteRunner.java:312)
at org.testng.SuiteRunnerWorker.runSuite(SuiteRunnerWorker.java:52)
at org.testng.SuiteRunnerWorker.run(SuiteRunnerWorker.java:95)
at org.testng.TestNG.runSuitesSequentially(TestNG.java:1274)
at org.testng.TestNG.runSuitesLocally(TestNG.java:1208)
at org.testng.TestNG.runSuites(TestNG.java:1112)
at org.testng.TestNG.run(TestNG.java:1079)
at org.testng.remote.AbstractRemoteTestNG.run(AbstractRemoteTestNG.java:115)
at org.testng.remote.RemoteTestNG.initAndRun(RemoteTestNG.java:293)
at org.testng.remote.RemoteTestNG.main(RemoteTestNG.java:91)
]]>
            </full-stacktrace>
          </exception> <!-- java.lang.AssertionError -->
          <reporter-output>
          </reporter-output>
        </test-method> <!-- verifySearchTriggerMethods -->
        <test-method is-config="true" signature="closeBrowser()[pri:0, instance:seleniumPackage.Automation_Excercise.UserStory_8.UserStory10@1d470d0]" started-at="2025-11-11T17:36:51 EET" name="closeBrowser" finished-at="2025-11-11T17:36:51 EET" duration-ms="536" status="PASS">
          <reporter-output>
          </reporter-output>
        </test-method> <!-- closeBrowser -->
      </class> <!-- seleniumPackage.Automation_Excercise.UserStory_8.UserStory10 -->
    </test> <!-- Default test -->
  </suite> <!-- Default suite -->
</testng-results>
