<?xml version="1.0" encoding="UTF-8"?>
<testng-results ignored="0" total="8" passed="8" failed="0" skipped="0">
  <reporter-output>
  </reporter-output>
  <suite started-at="2025-11-14T00:29:58 EET" name="Default suite" finished-at="2025-11-14T00:30:35 EET" duration-ms="37020">
    <groups>
    </groups>
    <test started-at="2025-11-14T00:29:58 EET" name="Default test" finished-at="2025-11-14T00:30:35 EET" duration-ms="37020">
      <class name="seleniumPackage.Automation_Excercise.UserStory_8.UserStory12">
        <test-method is-config="true" signature="initialize()[pri:0, instance:seleniumPackage.Automation_Excercise.UserStory_8.UserStory12@2002348]" started-at="2025-11-14T00:29:58 EET" name="initialize" finished-at="2025-11-14T00:30:12 EET" duration-ms="13096" status="PASS">
          <reporter-output>
          </reporter-output>
        </test-method> <!-- initialize -->
        <test-method signature="verifyWriteYourReviewSectionIsVisible()[pri:1, instance:seleniumPackage.Automation_Excercise.UserStory_8.UserStory12@2002348]" started-at="2025-11-14T00:30:12 EET" name="verifyWriteYourReviewSectionIsVisible" description="Verify that the &#039;Write Your Review&#039; section is visible" finished-at="2025-11-14T00:30:12 EET" duration-ms="48" status="PASS">
          <reporter-output>
          </reporter-output>
        </test-method> <!-- verifyWriteYourReviewSectionIsVisible -->
        <test-method signature="verifyAllReviewInputFieldsArePresent()[pri:2, instance:seleniumPackage.Automation_Excercise.UserStory_8.UserStory12@2002348]" started-at="2025-11-14T00:30:12 EET" name="verifyAllReviewInputFieldsArePresent" description="Verify all review input fields are present" finished-at="2025-11-14T00:30:12 EET" duration-ms="231" status="PASS">
          <reporter-output>
          </reporter-output>
        </test-method> <!-- verifyAllReviewInputFieldsArePresent -->
        <test-method signature="verifyReviewSubmissionWithValidDataAndSuccessMessage()[pri:3, instance:seleniumPackage.Automation_Excercise.UserStory_8.UserStory12@2002348]" started-at="2025-11-14T00:30:12 EET" name="verifyReviewSubmissionWithValidDataAndSuccessMessage" description="Verify that review submission works with valid data" finished-at="2025-11-14T00:30:14 EET" duration-ms="2553" status="PASS">
          <reporter-output>
          </reporter-output>
        </test-method> <!-- verifyReviewSubmissionWithValidDataAndSuccessMessage -->
        <test-method signature="verifyMandatoryFieldsValidation()[pri:4, instance:seleniumPackage.Automation_Excercise.UserStory_8.UserStory12@2002348]" started-at="2025-11-14T00:30:14 EET" name="verifyMandatoryFieldsValidation" description="Verify mandatory fields validation (e.g., empty email)" finished-at="2025-11-14T00:30:17 EET" duration-ms="2785" status="PASS">
          <reporter-output>
          </reporter-output>
        </test-method> <!-- verifyMandatoryFieldsValidation -->
        <test-method signature="verifyEmailFieldValidation()[pri:5, instance:seleniumPackage.Automation_Excercise.UserStory_8.UserStory12@2002348]" started-at="2025-11-14T00:30:17 EET" name="verifyEmailFieldValidation" description="Verify email field validation (per test data)" finished-at="2025-11-14T00:30:20 EET" duration-ms="2591" status="PASS">
          <reporter-output>
          </reporter-output>
        </test-method> <!-- verifyEmailFieldValidation -->
        <test-method signature="verifySubmissionWithSpacesOnlyReview()[pri:6, instance:seleniumPackage.Automation_Excercise.UserStory_8.UserStory12@2002348]" started-at="2025-11-14T00:30:20 EET" name="verifySubmissionWithSpacesOnlyReview" description="Verify review submission with only spaces in review text (per test data)" finished-at="2025-11-14T00:30:22 EET" duration-ms="2457" status="PASS">
          <reporter-output>
          </reporter-output>
        </test-method> <!-- verifySubmissionWithSpacesOnlyReview -->
        <test-method signature="verifyFieldsAreClearedAfterSubmission()[pri:7, instance:seleniumPackage.Automation_Excercise.UserStory_8.UserStory12@2002348]" started-at="2025-11-14T00:30:22 EET" name="verifyFieldsAreClearedAfterSubmission" description="Verify that fields are cleared after successful submission" finished-at="2025-11-14T00:30:25 EET" duration-ms="2718" status="PASS">
          <reporter-output>
          </reporter-output>
        </test-method> <!-- verifyFieldsAreClearedAfterSubmission -->
        <test-method signature="verifyCustomerReviewsSectionIsNotDisplayed()[pri:8, instance:seleniumPackage.Automation_Excercise.UserStory_8.UserStory12@2002348]" started-at="2025-11-14T00:30:25 EET" name="verifyCustomerReviewsSectionIsNotDisplayed" description="Verify that customer reviews are not displayed" finished-at="2025-11-14T00:30:35 EET" duration-ms="10060" status="PASS">
          <reporter-output>
          </reporter-output>
        </test-method> <!-- verifyCustomerReviewsSectionIsNotDisplayed -->
        <test-method is-config="true" signature="closeBrowser()[pri:0, instance:seleniumPackage.Automation_Excercise.UserStory_8.UserStory12@2002348]" started-at="2025-11-14T00:30:35 EET" name="closeBrowser" finished-at="2025-11-14T00:30:35 EET" duration-ms="416" status="PASS">
          <reporter-output>
          </reporter-output>
        </test-method> <!-- closeBrowser -->
      </class> <!-- seleniumPackage.Automation_Excercise.UserStory_8.UserStory12 -->
    </test> <!-- Default test -->
  </suite> <!-- Default suite -->
</testng-results>
