<?xml version="1.0" encoding="UTF-8"?>
<testng-results ignored="0" total="9" passed="9" failed="0" skipped="0">
  <reporter-output>
  </reporter-output>
  <suite started-at="2025-11-14T02:38:48 EET" name="Default suite" finished-at="2025-11-14T02:39:13 EET" duration-ms="24150">
    <groups>
    </groups>
    <test started-at="2025-11-14T02:38:48 EET" name="Default test" finished-at="2025-11-14T02:39:13 EET" duration-ms="24150">
      <class name="seleniumPackage.Automation_Excercise.UserStory_8.UserStory13">
        <test-method is-config="true" signature="initialize()[pri:0, instance:seleniumPackage.Automation_Excercise.UserStory_8.UserStory13@31000e60]" started-at="2025-11-14T02:38:48 EET" name="initialize" finished-at="2025-11-14T02:38:59 EET" duration-ms="10985" status="PASS">
          <reporter-output>
          </reporter-output>
        </test-method> <!-- initialize -->
        <test-method signature="verifySubscriptionTextVisible()[pri:1, instance:seleniumPackage.Automation_Excercise.UserStory_8.UserStory13@31000e60]" started-at="2025-11-14T02:38:59 EET" name="verifySubscriptionTextVisible" description="Verify that &#039;SUBSCRIPTION&#039; text is visible" finished-at="2025-11-14T02:39:00 EET" duration-ms="105" status="PASS">
          <reporter-output>
          </reporter-output>
        </test-method> <!-- verifySubscriptionTextVisible -->
        <test-method signature="verifyEmailFieldAndButtonVisible()[pri:2, instance:seleniumPackage.Automation_Excercise.UserStory_8.UserStory13@31000e60]" started-at="2025-11-14T02:39:00 EET" name="verifyEmailFieldAndButtonVisible" description="Verify email input and subscribe button are visible" finished-at="2025-11-14T02:39:00 EET" duration-ms="107" status="PASS">
          <reporter-output>
          </reporter-output>
        </test-method> <!-- verifyEmailFieldAndButtonVisible -->
        <test-method signature="verifySuccessfulSubscription()[pri:3, instance:seleniumPackage.Automation_Excercise.UserStory_8.UserStory13@31000e60]" started-at="2025-11-14T02:39:00 EET" name="verifySuccessfulSubscription" description="Verify successful subscription with valid email" finished-at="2025-11-14T02:39:02 EET" duration-ms="1944" status="PASS">
          <reporter-output>
          </reporter-output>
        </test-method> <!-- verifySuccessfulSubscription -->
        <test-method signature="verifySuccessMessageText()[pri:4, instance:seleniumPackage.Automation_Excercise.UserStory_8.UserStory13@31000e60]" started-at="2025-11-14T02:39:02 EET" name="verifySuccessMessageText" description="Verify success message text after valid submission" finished-at="2025-11-14T02:39:03 EET" duration-ms="1839" status="PASS">
          <reporter-output>
          </reporter-output>
        </test-method> <!-- verifySuccessMessageText -->
        <test-method signature="verifyInvalidEmailFormatAcceptance()[pri:5, instance:seleniumPackage.Automation_Excercise.UserStory_8.UserStory13@31000e60]" started-at="2025-11-14T02:39:03 EET" name="verifyInvalidEmailFormatAcceptance" description="Verify invalid email format is accepted" finished-at="2025-11-14T02:39:05 EET" duration-ms="1826" status="PASS">
          <reporter-output>
          </reporter-output>
        </test-method> <!-- verifyInvalidEmailFormatAcceptance -->
        <test-method signature="verifyEmptyEmailSubmission()[pri:6, instance:seleniumPackage.Automation_Excercise.UserStory_8.UserStory13@31000e60]" started-at="2025-11-14T02:39:05 EET" name="verifyEmptyEmailSubmission" description="Verify empty email field cannot be submitted" finished-at="2025-11-14T02:39:05 EET" duration-ms="220" status="PASS">
          <reporter-output>
          </reporter-output>
        </test-method> <!-- verifyEmptyEmailSubmission -->
        <test-method signature="verifyDuplicateSubscriptions()[pri:7, instance:seleniumPackage.Automation_Excercise.UserStory_8.UserStory13@31000e60]" started-at="2025-11-14T02:39:05 EET" name="verifyDuplicateSubscriptions" description="Verify that the system allows duplicate subscriptions " finished-at="2025-11-14T02:39:08 EET" duration-ms="2129" status="PASS">
          <reporter-output>
          </reporter-output>
        </test-method> <!-- verifyDuplicateSubscriptions -->
        <test-method signature="verifyFormClearsAfterSubmission()[pri:8, instance:seleniumPackage.Automation_Excercise.UserStory_8.UserStory13@31000e60]" started-at="2025-11-14T02:39:08 EET" name="verifyFormClearsAfterSubmission" description="Verify that the form clears after successful subscription" finished-at="2025-11-14T02:39:09 EET" duration-ms="1886" status="PASS">
          <reporter-output>
          </reporter-output>
        </test-method> <!-- verifyFormClearsAfterSubmission -->
        <test-method signature="verifyInvalidCharactersInEmail()[pri:9, instance:seleniumPackage.Automation_Excercise.UserStory_8.UserStory13@31000e60]" started-at="2025-11-14T02:39:09 EET" name="verifyInvalidCharactersInEmail" description="Verify email field validation with invalid characters" finished-at="2025-11-14T02:39:12 EET" duration-ms="2397" status="PASS">
          <reporter-output>
          </reporter-output>
        </test-method> <!-- verifyInvalidCharactersInEmail -->
        <test-method is-config="true" signature="closeBrowser()[pri:0, instance:seleniumPackage.Automation_Excercise.UserStory_8.UserStory13@31000e60]" started-at="2025-11-14T02:39:12 EET" name="closeBrowser" finished-at="2025-11-14T02:39:13 EET" duration-ms="644" status="PASS">
          <reporter-output>
          </reporter-output>
        </test-method> <!-- closeBrowser -->
      </class> <!-- seleniumPackage.Automation_Excercise.UserStory_8.UserStory13 -->
    </test> <!-- Default test -->
  </suite> <!-- Default suite -->
</testng-results>
