<?xml version="1.0" encoding="UTF-8"?>
<testng-results ignored="0" total="8" passed="8" failed="0" skipped="0">
  <reporter-output>
  </reporter-output>
  <suite started-at="2025-11-12T00:04:00 EET" name="Default suite" finished-at="2025-11-12T00:04:24 EET" duration-ms="23826">
    <groups>
    </groups>
    <test started-at="2025-11-12T00:04:00 EET" name="Default test" finished-at="2025-11-12T00:04:24 EET" duration-ms="23826">
      <class name="seleniumPackage.Automation_Excercise.UserStory_8.UserStory10">
        <test-method is-config="true" signature="initialize()[pri:0, instance:seleniumPackage.Automation_Excercise.UserStory_8.UserStory10@5911e990]" started-at="2025-11-12T00:04:00 EET" name="initialize" finished-at="2025-11-12T00:04:10 EET" duration-ms="10549" status="PASS">
          <reporter-output>
          </reporter-output>
        </test-method> <!-- initialize -->
        <test-method signature="verifyCategorySidebarVisibility()[pri:1, instance:seleniumPackage.Automation_Excercise.UserStory_8.UserStory10@5911e990]" started-at="2025-11-12T00:04:10 EET" name="verifyCategorySidebarVisibility" description="Verify that category sidebar is visible and contains main categories." finished-at="2025-11-12T00:04:10 EET" duration-ms="52" status="PASS">
          <reporter-output>
          </reporter-output>
        </test-method> <!-- verifyCategorySidebarVisibility -->
        <test-method signature="verifyAllMainCategoriesDisplayed()[pri:2, instance:seleniumPackage.Automation_Excercise.UserStory_8.UserStory10@5911e990]" started-at="2025-11-12T00:04:10 EET" name="verifyAllMainCategoriesDisplayed" description="Verify that all expected main categories are displayed in the sidebar." finished-at="2025-11-12T00:04:11 EET" duration-ms="157" status="PASS">
          <reporter-output>
          </reporter-output>
        </test-method> <!-- verifyAllMainCategoriesDisplayed -->
        <test-method signature="verifySubcategoriesAppear()[pri:3, instance:seleniumPackage.Automation_Excercise.UserStory_8.UserStory10@5911e990]" started-at="2025-11-12T00:04:11 EET" name="verifySubcategoriesAppear" description="Verify that subcategories appear under main category." finished-at="2025-11-12T00:04:13 EET" duration-ms="2167" status="PASS">
          <reporter-output>
          </reporter-output>
        </test-method> <!-- verifySubcategoriesAppear -->
        <test-method signature="verifyNavigationAndProductListMatch()[pri:4, instance:seleniumPackage.Automation_Excercise.UserStory_8.UserStory10@5911e990]" started-at="2025-11-12T00:04:13 EET" name="verifyNavigationAndProductListMatch" description="Verify navigation to a selected subcategory and content match." finished-at="2025-11-12T00:04:15 EET" duration-ms="1760" status="PASS">
          <reporter-output>
          </reporter-output>
        </test-method> <!-- verifyNavigationAndProductListMatch -->
        <test-method signature="verifyConfirmatoryText()[pri:5, instance:seleniumPackage.Automation_Excercise.UserStory_8.UserStory10@5911e990]" started-at="2025-11-12T00:04:15 EET" name="verifyConfirmatoryText" description="Verify confirmatory text on category page." finished-at="2025-11-12T00:04:16 EET" duration-ms="1876" status="PASS">
          <reporter-output>
          </reporter-output>
        </test-method> <!-- verifyConfirmatoryText -->
        <test-method signature="verifyCategorySelectionUpdatesURL()[pri:6, instance:seleniumPackage.Automation_Excercise.UserStory_8.UserStory10@5911e990]" started-at="2025-11-12T00:04:16 EET" name="verifyCategorySelectionUpdatesURL" description="Verify category selection updates URL." finished-at="2025-11-12T00:04:18 EET" duration-ms="1852" status="PASS">
          <reporter-output>
          </reporter-output>
        </test-method> <!-- verifyCategorySelectionUpdatesURL -->
        <test-method signature="verifyNewCategoryUpdatesProducts()[pri:7, instance:seleniumPackage.Automation_Excercise.UserStory_8.UserStory10@5911e990]" started-at="2025-11-12T00:04:18 EET" name="verifyNewCategoryUpdatesProducts" description="Verify that selecting a new category updates products accordingly (cross-category check)." finished-at="2025-11-12T00:04:22 EET" duration-ms="3868" status="PASS">
          <reporter-output>
          </reporter-output>
        </test-method> <!-- verifyNewCategoryUpdatesProducts -->
        <test-method signature="verifyNoDuplicateCategories()[pri:8, instance:seleniumPackage.Automation_Excercise.UserStory_8.UserStory10@5911e990]" started-at="2025-11-12T00:04:22 EET" name="verifyNoDuplicateCategories" description="Verify that no duplicate categories or subcategories appear." finished-at="2025-11-12T00:04:23 EET" duration-ms="988" status="PASS">
          <reporter-output>
          </reporter-output>
        </test-method> <!-- verifyNoDuplicateCategories -->
        <test-method is-config="true" signature="closeBrowser()[pri:0, instance:seleniumPackage.Automation_Excercise.UserStory_8.UserStory10@5911e990]" started-at="2025-11-12T00:04:23 EET" name="closeBrowser" finished-at="2025-11-12T00:04:24 EET" duration-ms="482" status="PASS">
          <reporter-output>
          </reporter-output>
        </test-method> <!-- closeBrowser -->
      </class> <!-- seleniumPackage.Automation_Excercise.UserStory_8.UserStory10 -->
    </test> <!-- Default test -->
  </suite> <!-- Default suite -->
</testng-results>
