<?xml version="1.0" encoding="UTF-8"?>
<!-- Generated by org.testng.reporters.JUnitXMLReporter -->
<testsuite ignored="0" hostname="MAHMOUD" failures="0" tests="8" name="Default test" time="23.826" errors="0" timestamp="2025-11-12T00:04:24 EET">
  <testcase classname="seleniumPackage.Automation_Excercise.UserStory_8.UserStory10" name="verifyCategorySidebarVisibility" time="0.052"/>
  <testcase classname="seleniumPackage.Automation_Excercise.UserStory_8.UserStory10" name="verifyAllMainCategoriesDisplayed" time="0.157"/>
  <testcase classname="seleniumPackage.Automation_Excercise.UserStory_8.UserStory10" name="verifySubcategoriesAppear" time="2.167"/>
  <testcase classname="seleniumPackage.Automation_Excercise.UserStory_8.UserStory10" name="verifyNavigationAndProductListMatch" time="1.76"/>
  <testcase classname="seleniumPackage.Automation_Excercise.UserStory_8.UserStory10" name="verifyConfirmatoryText" time="1.876"/>
  <testcase classname="seleniumPackage.Automation_Excercise.UserStory_8.UserStory10" name="verifyCategorySelectionUpdatesURL" time="1.852"/>
  <testcase classname="seleniumPackage.Automation_Excercise.UserStory_8.UserStory10" name="verifyNewCategoryUpdatesProducts" time="3.868"/>
  <testcase classname="seleniumPackage.Automation_Excercise.UserStory_8.UserStory10" name="verifyNoDuplicateCategories" time="0.988"/>
</testsuite> <!-- Default test -->
