<?xml version="1.0" encoding="UTF-8"?>
<!-- Generated by org.testng.reporters.JUnitXMLReporter -->
<testsuite ignored="0" hostname="MAHMOUD" failures="0" tests="9" name="Default test" time="22.326" errors="0" timestamp="2025-11-13T23:51:59 EET">
  <testcase classname="seleniumPackage.Automation_Excercise.UserStory_8.UserStory11" name="verifyBrandSidebarVisibility" time="0.057"/>
  <testcase classname="seleniumPackage.Automation_Excercise.UserStory_8.UserStory11" name="verifyAllBrandsAreListed" time="0.317"/>
  <testcase classname="seleniumPackage.Automation_Excercise.UserStory_8.UserStory11" name="verifyNavigationToBrandPage" time="1.205"/>
  <testcase classname="seleniumPackage.Automation_Excercise.UserStory_8.UserStory11" name="verifyConfirmatoryTextOnBrandPage" time="1.201"/>
  <testcase classname="seleniumPackage.Automation_Excercise.UserStory_8.UserStory11" name="verifyOnlyBrandSpecificProductsDisplayed" time="1.426"/>
  <testcase classname="seleniumPackage.Automation_Excercise.UserStory_8.UserStory11" name="verifySelectingNewBrandUpdatesList" time="2.587"/>
  <testcase classname="seleniumPackage.Automation_Excercise.UserStory_8.UserStory11" name="verifyURLUpdatesForBrand" time="1.109"/>
  <testcase classname="seleniumPackage.Automation_Excercise.UserStory_8.UserStory11" name="verifySidebarRemainsAccessible" time="1.458"/>
  <testcase classname="seleniumPackage.Automation_Excercise.UserStory_8.UserStory11" name="verifyNavigationWithLongBrandName" time="1.612"/>
</testsuite> <!-- Default test -->
