<?xml version="1.0" encoding="UTF-8"?>
<!-- Generated by org.testng.reporters.JUnitXMLReporter -->
<testsuite ignored="0" hostname="MAHMOUD" failures="1" tests="7" name="Default test" time="37.005" errors="0" timestamp="2025-11-14T14:34:01 EET">
  <testcase classname="seleniumPackage.Automation_Excercise.UserStory_8.UserStory8" name="verifyProductsButtonVisibility" time="0.058"/>
  <testcase classname="seleniumPackage.Automation_Excercise.UserStory_8.UserStory8" name="verifyNavigationToAllProductsPage" time="3.256"/>
  <testcase classname="seleniumPackage.Automation_Excercise.UserStory_8.UserStory8" name="verifyProductListingsDisplay" time="4.275"/>
  <testcase classname="seleniumPackage.Automation_Excercise.UserStory_8.UserStory8" name="verifyProductSearchFunctionality" time="6.306">
    <failure type="java.lang.AssertionError" message="The following asserts failed:
	Search Function Doesnot Work using Enter Key expected [https://automationexercise.com/products?search=shirt] but found [https://automationexercise.com/products]">
      <![CDATA[java.lang.AssertionError: The following asserts failed:
Search Function Doesnot Work using Enter Key expected [https://automationexercise.com/products?search=shirt] but found [https://automationexercise.com/products]
at org.testng.asserts.SoftAssert.assertAll(SoftAssert.java:46)
at org.testng.asserts.SoftAssert.assertAll(SoftAssert.java:30)
at seleniumPackage.Automation_Excercise.UserStory_8.UserStory8.verifyProductSearchFunctionality(UserStory8.java:114)
at java.base/jdk.internal.reflect.DirectMethodHandleAccessor.invoke(DirectMethodHandleAccessor.java:104)
at java.base/java.lang.reflect.Method.invoke(Method.java:577)
at org.testng.internal.invokers.MethodInvocationHelper.invokeMethod(MethodInvocationHelper.java:141)
at org.testng.internal.invokers.TestInvoker.invokeMethod(TestInvoker.java:687)
at org.testng.internal.invokers.TestInvoker.invokeTestMethod(TestInvoker.java:230)
at org.testng.internal.invokers.MethodRunner.runInSequence(MethodRunner.java:63)
at org.testng.internal.invokers.TestInvoker$MethodInvocationAgent.invoke(TestInvoker.java:995)
at org.testng.internal.invokers.TestInvoker.invokeTestMethods(TestInvoker.java:203)
at org.testng.internal.invokers.TestMethodWorker.invokeTestMethods(TestMethodWorker.java:154)
at org.testng.internal.invokers.TestMethodWorker.run(TestMethodWorker.java:134)
at java.base/java.util.ArrayList.forEach(ArrayList.java:1511)
at org.testng.TestRunner.privateRun(TestRunner.java:741)
at org.testng.TestRunner.run(TestRunner.java:616)
at org.testng.SuiteRunner.runTest(SuiteRunner.java:421)
at org.testng.SuiteRunner.runSequentially(SuiteRunner.java:413)
at org.testng.SuiteRunner.privateRun(SuiteRunner.java:373)
at org.testng.SuiteRunner.run(SuiteRunner.java:312)
at org.testng.SuiteRunnerWorker.runSuite(SuiteRunnerWorker.java:52)
at org.testng.SuiteRunnerWorker.run(SuiteRunnerWorker.java:95)
at org.testng.TestNG.runSuitesSequentially(TestNG.java:1274)
at org.testng.TestNG.runSuitesLocally(TestNG.java:1208)
at org.testng.TestNG.runSuites(TestNG.java:1112)
at org.testng.TestNG.run(TestNG.java:1079)
at org.testng.remote.AbstractRemoteTestNG.run(AbstractRemoteTestNG.java:115)
at org.testng.remote.RemoteTestNG.initAndRun(RemoteTestNG.java:293)
at org.testng.remote.RemoteTestNG.main(RemoteTestNG.java:91)
]]>
    </failure>
  </testcase> <!-- verifyProductSearchFunctionality -->
  <testcase classname="seleniumPackage.Automation_Excercise.UserStory_8.UserStory8" name="verifyNavigationToProductDetailPage" time="3.396"/>
  <testcase classname="seleniumPackage.Automation_Excercise.UserStory_8.UserStory8" name="verifyProductDetails" time="2.969"/>
  <testcase classname="seleniumPackage.Automation_Excercise.UserStory_8.UserStory8" name="verifyNavigationBackToAllProductsPage" time="5.116"/>
</testsuite> <!-- Default test -->
