<?xml version="1.0" encoding="UTF-8"?>
<!-- Generated by org.testng.reporters.JUnitReportReporter -->
<testsuite hostname="MAHMOUD" failures="0" tests="9" name="seleniumPackage.Automation_Excercise.UserStory_8.UserStory13" time="12.487" errors="0" timestamp="2025-11-14T14:31:17 EET" skipped="0">
  <testcase classname="seleniumPackage.Automation_Excercise.UserStory_8.UserStory13" name="verifySubscriptionTextVisible" time="0.130"/>
  <testcase classname="seleniumPackage.Automation_Excercise.UserStory_8.UserStory13" name="verifyEmailFieldAndButtonVisible" time="0.070"/>
  <testcase classname="seleniumPackage.Automation_Excercise.UserStory_8.UserStory13" name="verifySuccessfulSubscription" time="1.889"/>
  <testcase classname="seleniumPackage.Automation_Excercise.UserStory_8.UserStory13" name="verifySuccessMessageText" time="1.840"/>
  <testcase classname="seleniumPackage.Automation_Excercise.UserStory_8.UserStory13" name="verifyInvalidEmailFormatAcceptance" time="1.843"/>
  <testcase classname="seleniumPackage.Automation_Excercise.UserStory_8.UserStory13" name="verifyEmptyEmailSubmission" time="0.230"/>
  <testcase classname="seleniumPackage.Automation_Excercise.UserStory_8.UserStory13" name="verifyDuplicateSubscriptions" time="2.186"/>
  <testcase classname="seleniumPackage.Automation_Excercise.UserStory_8.UserStory13" name="verifyFormClearsAfterSubmission" time="1.884"/>
  <testcase classname="seleniumPackage.Automation_Excercise.UserStory_8.UserStory13" name="verifyInvalidCharactersInEmail" time="2.415"/>
</testsuite> <!-- seleniumPackage.Automation_Excercise.UserStory_8.UserStory13 -->
