<?xml version="1.0" encoding="UTF-8"?>
<!-- Generated by org.testng.reporters.JUnitReportReporter -->
<testsuite hostname="MAHMOUD" failures="0" tests="9" name="seleniumPackage.Automation_Excercise.UserStory_8.UserStory11" time="10.973" errors="0" timestamp="2025-11-14T14:28:25 EET" skipped="0">
  <testcase classname="seleniumPackage.Automation_Excercise.UserStory_8.UserStory11" name="verifyBrandSidebarVisibility" time="0.089"/>
  <testcase classname="seleniumPackage.Automation_Excercise.UserStory_8.UserStory11" name="verifyAllBrandsAreListed" time="0.266"/>
  <testcase classname="seleniumPackage.Automation_Excercise.UserStory_8.UserStory11" name="verifyNavigationToBrandPage" time="1.415"/>
  <testcase classname="seleniumPackage.Automation_Excercise.UserStory_8.UserStory11" name="verifyConfirmatoryTextOnBrandPage" time="1.546"/>
  <testcase classname="seleniumPackage.Automation_Excercise.UserStory_8.UserStory11" name="verifyOnlyBrandSpecificProductsDisplayed" time="1.338"/>
  <testcase classname="seleniumPackage.Automation_Excercise.UserStory_8.UserStory11" name="verifySelectingNewBrandUpdatesList" time="2.604"/>
  <testcase classname="seleniumPackage.Automation_Excercise.UserStory_8.UserStory11" name="verifyURLUpdatesForBrand" time="1.288"/>
  <testcase classname="seleniumPackage.Automation_Excercise.UserStory_8.UserStory11" name="verifySidebarRemainsAccessible" time="1.253"/>
  <testcase classname="seleniumPackage.Automation_Excercise.UserStory_8.UserStory11" name="verifyNavigationWithLongBrandName" time="1.174"/>
</testsuite> <!-- seleniumPackage.Automation_Excercise.UserStory_8.UserStory11 -->
