<?xml version="1.0" encoding="UTF-8"?>
<!-- Generated by org.testng.reporters.JUnitReportReporter -->
<testsuite hostname="MAHMOUD" failures="0" tests="8" name="seleniumPackage.Automation_Excercise.UserStory_8.UserStory10" time="47.710" errors="0" timestamp="2025-11-14T14:25:55 EET" skipped="0">
  <testcase classname="seleniumPackage.Automation_Excercise.UserStory_8.UserStory10" name="verifyCategorySidebarVisibility" time="0.046"/>
  <testcase classname="seleniumPackage.Automation_Excercise.UserStory_8.UserStory10" name="verifyAllMainCategoriesDisplayed" time="0.158"/>
  <testcase classname="seleniumPackage.Automation_Excercise.UserStory_8.UserStory10" name="verifySubcategoriesAppear" time="2.162"/>
  <testcase classname="seleniumPackage.Automation_Excercise.UserStory_8.UserStory10" name="verifyNavigationAndProductListMatch" time="2.823"/>
  <testcase classname="seleniumPackage.Automation_Excercise.UserStory_8.UserStory10" name="verifyConfirmatoryText" time="7.493"/>
  <testcase classname="seleniumPackage.Automation_Excercise.UserStory_8.UserStory10" name="verifyCategorySelectionUpdatesURL" time="12.643"/>
  <testcase classname="seleniumPackage.Automation_Excercise.UserStory_8.UserStory10" name="verifyNewCategoryUpdatesProducts" time="21.606"/>
  <testcase classname="seleniumPackage.Automation_Excercise.UserStory_8.UserStory10" name="verifyNoDuplicateCategories" time="0.779"/>
</testsuite> <!-- seleniumPackage.Automation_Excercise.UserStory_8.UserStory10 -->
