<?xml version="1.0" encoding="UTF-8"?>
<!-- Generated by org.testng.reporters.JUnitReportReporter -->
<testsuite hostname="MAHMOUD" failures="0" tests="8" name="seleniumPackage.Automation_Excercise.UserStory_8.UserStory12" time="23.206" errors="0" timestamp="2025-11-14T14:29:59 EET" skipped="0">
  <testcase classname="seleniumPackage.Automation_Excercise.UserStory_8.UserStory12" name="verifyWriteYourReviewSectionIsVisible" time="0.096"/>
  <testcase classname="seleniumPackage.Automation_Excercise.UserStory_8.UserStory12" name="verifyAllReviewInputFieldsArePresent" time="0.143"/>
  <testcase classname="seleniumPackage.Automation_Excercise.UserStory_8.UserStory12" name="verifyReviewSubmissionWithValidDataAndSuccessMessage" time="2.583"/>
  <testcase classname="seleniumPackage.Automation_Excercise.UserStory_8.UserStory12" name="verifyMandatoryFieldsValidation" time="2.646"/>
  <testcase classname="seleniumPackage.Automation_Excercise.UserStory_8.UserStory12" name="verifyEmailFieldValidation" time="2.521"/>
  <testcase classname="seleniumPackage.Automation_Excercise.UserStory_8.UserStory12" name="verifySubmissionWithSpacesOnlyReview" time="2.483"/>
  <testcase classname="seleniumPackage.Automation_Excercise.UserStory_8.UserStory12" name="verifyFieldsAreClearedAfterSubmission" time="2.670"/>
  <testcase classname="seleniumPackage.Automation_Excercise.UserStory_8.UserStory12" name="verifyCustomerReviewsSectionIsNotDisplayed" time="10.064"/>
</testsuite> <!-- seleniumPackage.Automation_Excercise.UserStory_8.UserStory12 -->
