<?xml version="1.0" encoding="UTF-8"?>
<!-- Generated by org.testng.reporters.JUnitReportReporter -->
<testsuite hostname="MAHMOUD" failures="0" tests="9" name="seleniumPackage.Automation_Excercise.UserStory_8.UserStory13" time="12.453" errors="0" timestamp="2025-11-14T02:39:13 EET" skipped="0">
  <testcase classname="seleniumPackage.Automation_Excercise.UserStory_8.UserStory13" name="verifySubscriptionTextVisible" time="0.105"/>
  <testcase classname="seleniumPackage.Automation_Excercise.UserStory_8.UserStory13" name="verifyEmailFieldAndButtonVisible" time="0.107"/>
  <testcase classname="seleniumPackage.Automation_Excercise.UserStory_8.UserStory13" name="verifySuccessfulSubscription" time="1.944"/>
  <testcase classname="seleniumPackage.Automation_Excercise.UserStory_8.UserStory13" name="verifySuccessMessageText" time="1.839"/>
  <testcase classname="seleniumPackage.Automation_Excercise.UserStory_8.UserStory13" name="verifyInvalidEmailFormatAcceptance" time="1.826"/>
  <testcase classname="seleniumPackage.Automation_Excercise.UserStory_8.UserStory13" name="verifyEmptyEmailSubmission" time="0.220"/>
  <testcase classname="seleniumPackage.Automation_Excercise.UserStory_8.UserStory13" name="verifyDuplicateSubscriptions" time="2.129"/>
  <testcase classname="seleniumPackage.Automation_Excercise.UserStory_8.UserStory13" name="verifyFormClearsAfterSubmission" time="1.886"/>
  <testcase classname="seleniumPackage.Automation_Excercise.UserStory_8.UserStory13" name="verifyInvalidCharactersInEmail" time="2.397"/>
</testsuite> <!-- seleniumPackage.Automation_Excercise.UserStory_8.UserStory13 -->
