<?xml version="1.0" encoding="UTF-8"?>
<!-- Generated by org.testng.reporters.JUnitReportReporter -->
<testsuite hostname="MAHMOUD" failures="2" tests="10" name="seleniumPackage.Automation_Excercise.UserStory_8.UserStory9" time="19.963" errors="0" timestamp="2025-11-14T14:21:54 EET" skipped="0">
  <testcase classname="seleniumPackage.Automation_Excercise.UserStory_8.UserStory9" name="verifySearchBarVisibility" time="0.045"/>
  <testcase classname="seleniumPackage.Automation_Excercise.UserStory_8.UserStory9" name="verifySearchByExactProductName" time="1.435"/>
  <testcase classname="seleniumPackage.Automation_Excercise.UserStory_8.UserStory9" name="verifySearchByPartialProductName" time="1.919"/>
  <testcase classname="seleniumPackage.Automation_Excercise.UserStory_8.UserStory9" name="verifySearchCaseInsensitivity" time="1.305"/>
  <testcase classname="seleniumPackage.Automation_Excercise.UserStory_8.UserStory9" name="verifyNoMatchingProductsFound" time="1.022"/>
  <testcase classname="seleniumPackage.Automation_Excercise.UserStory_8.UserStory9" name="verifySearchWithSpecialCharacters" time="2.040"/>
  <testcase classname="seleniumPackage.Automation_Excercise.UserStory_8.UserStory9" name="verifySearchWithLeadingTrailingSpaces" time="0.833">
    <failure message="The following asserts failed:
	Search failed to find results when using leading/trailing spaces expected [true] but found [false]" type="java.lang.AssertionError">
      <![CDATA[java.lang.AssertionError: The following asserts failed:
Search failed to find results when using leading/trailing spaces expected [true] but found [false]
at org.testng.asserts.SoftAssert.assertAll(SoftAssert.java:46)
at org.testng.asserts.SoftAssert.assertAll(SoftAssert.java:30)
at seleniumPackage.Automation_Excercise.UserStory_8.UserStory9.verifySearchWithLeadingTrailingSpaces(UserStory9.java:194)
at java.base/jdk.internal.reflect.DirectMethodHandleAccessor.invoke(DirectMethodHandleAccessor.java:104)
at java.base/java.lang.reflect.Method.invoke(Method.java:577)
at org.testng.internal.invokers.MethodInvocationHelper.invokeMethod(MethodInvocationHelper.java:141)
at org.testng.internal.invokers.TestInvoker.invokeMethod(TestInvoker.java:687)
at org.testng.internal.invokers.TestInvoker.invokeTestMethod(TestInvoker.java:230)
at org.testng.internal.invokers.MethodRunner.runInSequence(MethodRunner.java:63)
at org.testng.internal.invokers.TestInvoker$MethodInvocationAgent.invoke(TestInvoker.java:995)
at org.testng.internal.invokers.TestInvoker.invokeTestMethods(TestInvoker.java:203)
at org.testng.internal.invokers.TestMethodWorker.invokeTestMethods(TestMethodWorker.java:154)
at org.testng.internal.invokers.TestMethodWorker.run(TestMethodWorker.java:134)
at java.base/java.util.ArrayList.forEach(ArrayList.java:1511)
at org.testng.TestRunner.privateRun(TestRunner.java:741)
at org.testng.TestRunner.run(TestRunner.java:616)
at org.testng.SuiteRunner.runTest(SuiteRunner.java:421)
at org.testng.SuiteRunner.runSequentially(SuiteRunner.java:413)
at org.testng.SuiteRunner.privateRun(SuiteRunner.java:373)
at org.testng.SuiteRunner.run(SuiteRunner.java:312)
at org.testng.SuiteRunnerWorker.runSuite(SuiteRunnerWorker.java:52)
at org.testng.SuiteRunnerWorker.run(SuiteRunnerWorker.java:95)
at org.testng.TestNG.runSuitesSequentially(TestNG.java:1274)
at org.testng.TestNG.runSuitesLocally(TestNG.java:1208)
at org.testng.TestNG.runSuites(TestNG.java:1112)
at org.testng.TestNG.run(TestNG.java:1079)
at org.testng.remote.AbstractRemoteTestNG.run(AbstractRemoteTestNG.java:115)
at org.testng.remote.RemoteTestNG.initAndRun(RemoteTestNG.java:293)
at org.testng.remote.RemoteTestNG.main(RemoteTestNG.java:91)
]]>
    </failure>
  </testcase> <!-- verifySearchWithLeadingTrailingSpaces -->
  <testcase classname="seleniumPackage.Automation_Excercise.UserStory_8.UserStory9" name="verifySearchResultsUpdate" time="3.024"/>
  <testcase classname="seleniumPackage.Automation_Excercise.UserStory_8.UserStory9" name="verifySearchWithEmptyInput" time="2.761"/>
  <testcase classname="seleniumPackage.Automation_Excercise.UserStory_8.UserStory9" name="verifySearchTriggerMethods" time="5.579">
    <failure message="The following asserts failed:
	Search Function Doesnot Work using Enter Key expected [https://automationexercise.com/products?search=shirt] but found [https://automationexercise.com/products]" type="java.lang.AssertionError">
      <![CDATA[java.lang.AssertionError: The following asserts failed:
Search Function Doesnot Work using Enter Key expected [https://automationexercise.com/products?search=shirt] but found [https://automationexercise.com/products]
at org.testng.asserts.SoftAssert.assertAll(SoftAssert.java:46)
at org.testng.asserts.SoftAssert.assertAll(SoftAssert.java:30)
at seleniumPackage.Automation_Excercise.UserStory_8.UserStory9.verifySearchTriggerMethods(UserStory9.java:255)
at java.base/jdk.internal.reflect.DirectMethodHandleAccessor.invoke(DirectMethodHandleAccessor.java:104)
at java.base/java.lang.reflect.Method.invoke(Method.java:577)
at org.testng.internal.invokers.MethodInvocationHelper.invokeMethod(MethodInvocationHelper.java:141)
at org.testng.internal.invokers.TestInvoker.invokeMethod(TestInvoker.java:687)
at org.testng.internal.invokers.TestInvoker.invokeTestMethod(TestInvoker.java:230)
at org.testng.internal.invokers.MethodRunner.runInSequence(MethodRunner.java:63)
at org.testng.internal.invokers.TestInvoker$MethodInvocationAgent.invoke(TestInvoker.java:995)
at org.testng.internal.invokers.TestInvoker.invokeTestMethods(TestInvoker.java:203)
at org.testng.internal.invokers.TestMethodWorker.invokeTestMethods(TestMethodWorker.java:154)
at org.testng.internal.invokers.TestMethodWorker.run(TestMethodWorker.java:134)
at java.base/java.util.ArrayList.forEach(ArrayList.java:1511)
at org.testng.TestRunner.privateRun(TestRunner.java:741)
at org.testng.TestRunner.run(TestRunner.java:616)
at org.testng.SuiteRunner.runTest(SuiteRunner.java:421)
at org.testng.SuiteRunner.runSequentially(SuiteRunner.java:413)
at org.testng.SuiteRunner.privateRun(SuiteRunner.java:373)
at org.testng.SuiteRunner.run(SuiteRunner.java:312)
at org.testng.SuiteRunnerWorker.runSuite(SuiteRunnerWorker.java:52)
at org.testng.SuiteRunnerWorker.run(SuiteRunnerWorker.java:95)
at org.testng.TestNG.runSuitesSequentially(TestNG.java:1274)
at org.testng.TestNG.runSuitesLocally(TestNG.java:1208)
at org.testng.TestNG.runSuites(TestNG.java:1112)
at org.testng.TestNG.run(TestNG.java:1079)
at org.testng.remote.AbstractRemoteTestNG.run(AbstractRemoteTestNG.java:115)
at org.testng.remote.RemoteTestNG.initAndRun(RemoteTestNG.java:293)
at org.testng.remote.RemoteTestNG.main(RemoteTestNG.java:91)
]]>
    </failure>
  </testcase> <!-- verifySearchTriggerMethods -->
</testsuite> <!-- seleniumPackage.Automation_Excercise.UserStory_8.UserStory9 -->
