<?xml version="1.0" encoding="UTF-8"?>
<!-- Generated by org.testng.reporters.JUnitReportReporter -->
<testsuite hostname="MAHMOUD" failures="0" tests="8" name="seleniumPackage.Automation_Excercise.UserStory_8.UserStory12" time="23.252" errors="0" timestamp="2025-11-14T02:25:51 EET" skipped="0">
  <testcase classname="seleniumPackage.Automation_Excercise.UserStory_8.UserStory12" name="verifyWriteYourReviewSectionIsVisible" time="0.090"/>
  <testcase classname="seleniumPackage.Automation_Excercise.UserStory_8.UserStory12" name="verifyAllReviewInputFieldsArePresent" time="0.144"/>
  <testcase classname="seleniumPackage.Automation_Excercise.UserStory_8.UserStory12" name="verifyReviewSubmissionWithValidDataAndSuccessMessage" time="2.750"/>
  <testcase classname="seleniumPackage.Automation_Excercise.UserStory_8.UserStory12" name="verifyMandatoryFieldsValidation" time="2.671"/>
  <testcase classname="seleniumPackage.Automation_Excercise.UserStory_8.UserStory12" name="verifyEmailFieldValidation" time="2.515"/>
  <testcase classname="seleniumPackage.Automation_Excercise.UserStory_8.UserStory12" name="verifySubmissionWithSpacesOnlyReview" time="2.487"/>
  <testcase classname="seleniumPackage.Automation_Excercise.UserStory_8.UserStory12" name="verifyFieldsAreClearedAfterSubmission" time="2.543"/>
  <testcase classname="seleniumPackage.Automation_Excercise.UserStory_8.UserStory12" name="verifyCustomerReviewsSectionIsNotDisplayed" time="10.052"/>
</testsuite> <!-- seleniumPackage.Automation_Excercise.UserStory_8.UserStory12 -->
